{"meta": {"format": 3, "version": "7.10.4", "timestamp": "2025-08-31T23:46:56.095512", "branch_coverage": false, "show_contexts": false}, "files": {"app\\__init__.py": {"executed_lines": [0], "summary": {"covered_lines": 0, "num_statements": 0, "percent_covered": 100.0, "percent_covered_display": "100", "missing_lines": 0, "excluded_lines": 0}, "missing_lines": [], "excluded_lines": [], "functions": {"": {"executed_lines": [], "summary": {"covered_lines": 0, "num_statements": 0, "percent_covered": 100.0, "percent_covered_display": "100", "missing_lines": 0, "excluded_lines": 0}, "missing_lines": [], "excluded_lines": []}}, "classes": {"": {"executed_lines": [], "summary": {"covered_lines": 0, "num_statements": 0, "percent_covered": 100.0, "percent_covered_display": "100", "missing_lines": 0, "excluded_lines": 0}, "missing_lines": [], "excluded_lines": []}}}, "app\\config.py": {"executed_lines": [1, 7, 8, 9, 12, 13, 16, 17, 20, 21, 22, 23, 26, 27, 28, 29, 32, 33, 34, 37, 38, 39, 42, 43, 44, 45, 48, 49, 50, 51, 54, 57, 58, 60, 61, 62, 63, 65, 72, 74, 83, 92, 103], "summary": {"covered_lines": 41, "num_statements": 44, "percent_covered": 93.18181818181819, "percent_covered_display": "93", "missing_lines": 3, "excluded_lines": 0}, "missing_lines": [81, 90, 99], "excluded_lines": [], "functions": {"Settings.get_database_url": {"executed_lines": [72], "summary": {"covered_lines": 1, "num_statements": 1, "percent_covered": 100.0, "percent_covered_display": "100", "missing_lines": 0, "excluded_lines": 0}, "missing_lines": [], "excluded_lines": []}, "Settings.get_test_database_url": {"executed_lines": [], "summary": {"covered_lines": 0, "num_statements": 1, "percent_covered": 0.0, "percent_covered_display": "0", "missing_lines": 1, "excluded_lines": 0}, "missing_lines": [81], "excluded_lines": []}, "Settings.is_development": {"executed_lines": [], "summary": {"covered_lines": 0, "num_statements": 1, "percent_covered": 0.0, "percent_covered_display": "0", "missing_lines": 1, "excluded_lines": 0}, "missing_lines": [90], "excluded_lines": []}, "Settings.is_production": {"executed_lines": [], "summary": {"covered_lines": 0, "num_statements": 1, "percent_covered": 0.0, "percent_covered_display": "0", "missing_lines": 1, "excluded_lines": 0}, "missing_lines": [99], "excluded_lines": []}, "": {"executed_lines": [1, 7, 8, 9, 12, 13, 16, 17, 20, 21, 22, 23, 26, 27, 28, 29, 32, 33, 34, 37, 38, 39, 42, 43, 44, 45, 48, 49, 50, 51, 54, 57, 58, 60, 61, 62, 63, 65, 74, 83, 92, 103], "summary": {"covered_lines": 40, "num_statements": 40, "percent_covered": 100.0, "percent_covered_display": "100", "missing_lines": 0, "excluded_lines": 0}, "missing_lines": [], "excluded_lines": []}}, "classes": {"Settings": {"executed_lines": [72], "summary": {"covered_lines": 1, "num_statements": 4, "percent_covered": 25.0, "percent_covered_display": "25", "missing_lines": 3, "excluded_lines": 0}, "missing_lines": [81, 90, 99], "excluded_lines": []}, "Settings.Config": {"executed_lines": [], "summary": {"covered_lines": 0, "num_statements": 0, "percent_covered": 100.0, "percent_covered_display": "100", "missing_lines": 0, "excluded_lines": 0}, "missing_lines": [], "excluded_lines": []}, "": {"executed_lines": [1, 7, 8, 9, 12, 13, 16, 17, 20, 21, 22, 23, 26, 27, 28, 29, 32, 33, 34, 37, 38, 39, 42, 43, 44, 45, 48, 49, 50, 51, 54, 57, 58, 60, 61, 62, 63, 65, 74, 83, 92, 103], "summary": {"covered_lines": 40, "num_statements": 40, "percent_covered": 100.0, "percent_covered_display": "100", "missing_lines": 0, "excluded_lines": 0}, "missing_lines": [], "excluded_lines": []}}}, "app\\database.py": {"executed_lines": [1, 6, 7, 8, 9, 10, 11, 13, 15, 18, 20, 22, 24, 42, 45, 52, 55, 76, 82, 83, 84, 90], "summary": {"covered_lines": 21, "num_statements": 35, "percent_covered": 60.0, "percent_covered_display": "60", "missing_lines": 14, "excluded_lines": 0}, "missing_lines": [32, 65, 66, 67, 68, 69, 70, 71, 73, 85, 86, 87, 97, 98], "excluded_lines": [], "functions": {"create_database_engine": {"executed_lines": [20, 22, 24], "summary": {"covered_lines": 3, "num_statements": 4, "percent_covered": 75.0, "percent_covered_display": "75", "missing_lines": 1, "excluded_lines": 0}, "missing_lines": [32], "excluded_lines": []}, "get_db": {"executed_lines": [], "summary": {"covered_lines": 0, "num_statements": 8, "percent_covered": 0.0, "percent_covered_display": "0", "missing_lines": 8, "excluded_lines": 0}, "missing_lines": [65, 66, 67, 68, 69, 70, 71, 73], "excluded_lines": []}, "create_tables": {"executed_lines": [82, 83, 84], "summary": {"covered_lines": 3, "num_statements": 6, "percent_covered": 50.0, "percent_covered_display": "50", "missing_lines": 3, "excluded_lines": 0}, "missing_lines": [85, 86, 87], "excluded_lines": []}, "get_test_db_engine": {"executed_lines": [], "summary": {"covered_lines": 0, "num_statements": 2, "percent_covered": 0.0, "percent_covered_display": "0", "missing_lines": 2, "excluded_lines": 0}, "missing_lines": [97, 98], "excluded_lines": []}, "": {"executed_lines": [1, 6, 7, 8, 9, 10, 11, 13, 15, 18, 42, 45, 52, 55, 76, 90], "summary": {"covered_lines": 15, "num_statements": 15, "percent_covered": 100.0, "percent_covered_display": "100", "missing_lines": 0, "excluded_lines": 0}, "missing_lines": [], "excluded_lines": []}}, "classes": {"": {"executed_lines": [1, 6, 7, 8, 9, 10, 11, 13, 15, 18, 20, 22, 24, 42, 45, 52, 55, 76, 82, 83, 84, 90], "summary": {"covered_lines": 21, "num_statements": 35, "percent_covered": 60.0, "percent_covered_display": "60", "missing_lines": 14, "excluded_lines": 0}, "missing_lines": [32, 65, 66, 67, 68, 69, 70, 71, 73, 85, 86, 87, 97, 98], "excluded_lines": []}}}, "app\\exceptions.py": {"executed_lines": [1, 7, 8, 9, 10, 11, 13, 15, 18, 40, 61, 83, 93, 94, 95, 96, 97, 98, 99, 103, 104, 105, 108, 119, 122, 123, 124, 125, 130, 132, 142, 153, 154, 164, 185, 206, 213, 214, 215, 216, 217, 218, 219, 221], "summary": {"covered_lines": 43, "num_statements": 57, "percent_covered": 75.43859649122807, "percent_covered_display": "75", "missing_lines": 14, "excluded_lines": 0}, "missing_lines": [29, 30, 51, 52, 72, 73, 100, 101, 126, 127, 175, 176, 196, 197], "excluded_lines": [], "functions": {"todo_not_found_handler": {"executed_lines": [], "summary": {"covered_lines": 0, "num_statements": 2, "percent_covered": 0.0, "percent_covered_display": "0", "missing_lines": 2, "excluded_lines": 0}, "missing_lines": [29, 30], "excluded_lines": []}, "todo_validation_error_handler": {"executed_lines": [], "summary": {"covered_lines": 0, "num_statements": 2, "percent_covered": 0.0, "percent_covered_display": "0", "missing_lines": 2, "excluded_lines": 0}, "missing_lines": [51, 52], "excluded_lines": []}, "todo_database_error_handler": {"executed_lines": [], "summary": {"covered_lines": 0, "num_statements": 2, "percent_covered": 0.0, "percent_covered_display": "0", "missing_lines": 2, "excluded_lines": 0}, "missing_lines": [72, 73], "excluded_lines": []}, "_serialize_validation_errors": {"executed_lines": [93, 94, 95, 96, 97, 98, 99, 103, 104, 105], "summary": {"covered_lines": 10, "num_statements": 12, "percent_covered": 83.33333333333333, "percent_covered_display": "83", "missing_lines": 2, "excluded_lines": 0}, "missing_lines": [100, 101], "excluded_lines": []}, "validation_exception_handler": {"executed_lines": [119, 122, 123, 124, 125, 130, 132], "summary": {"covered_lines": 7, "num_statements": 9, "percent_covered": 77.77777777777777, "percent_covered_display": "78", "missing_lines": 2, "excluded_lines": 0}, "missing_lines": [126, 127], "excluded_lines": []}, "http_exception_handler": {"executed_lines": [153, 154], "summary": {"covered_lines": 2, "num_statements": 2, "percent_covered": 100.0, "percent_covered_display": "100", "missing_lines": 0, "excluded_lines": 0}, "missing_lines": [], "excluded_lines": []}, "sqlalchemy_error_handler": {"executed_lines": [], "summary": {"covered_lines": 0, "num_statements": 2, "percent_covered": 0.0, "percent_covered_display": "0", "missing_lines": 2, "excluded_lines": 0}, "missing_lines": [175, 176], "excluded_lines": []}, "general_exception_handler": {"executed_lines": [], "summary": {"covered_lines": 0, "num_statements": 2, "percent_covered": 0.0, "percent_covered_display": "0", "missing_lines": 2, "excluded_lines": 0}, "missing_lines": [196, 197], "excluded_lines": []}, "register_exception_handlers": {"executed_lines": [213, 214, 215, 216, 217, 218, 219, 221], "summary": {"covered_lines": 8, "num_statements": 8, "percent_covered": 100.0, "percent_covered_display": "100", "missing_lines": 0, "excluded_lines": 0}, "missing_lines": [], "excluded_lines": []}, "": {"executed_lines": [1, 7, 8, 9, 10, 11, 13, 15, 18, 40, 61, 83, 108, 142, 164, 185, 206], "summary": {"covered_lines": 16, "num_statements": 16, "percent_covered": 100.0, "percent_covered_display": "100", "missing_lines": 0, "excluded_lines": 0}, "missing_lines": [], "excluded_lines": []}}, "classes": {"": {"executed_lines": [1, 7, 8, 9, 10, 11, 13, 15, 18, 40, 61, 83, 93, 94, 95, 96, 97, 98, 99, 103, 104, 105, 108, 119, 122, 123, 124, 125, 130, 132, 142, 153, 154, 164, 185, 206, 213, 214, 215, 216, 217, 218, 219, 221], "summary": {"covered_lines": 43, "num_statements": 57, "percent_covered": 75.43859649122807, "percent_covered_display": "75", "missing_lines": 14, "excluded_lines": 0}, "missing_lines": [29, 30, 51, 52, 72, 73, 100, 101, 126, 127, 175, 176, 196, 197], "excluded_lines": []}}}, "app\\main.py": {"executed_lines": [1, 7, 8, 9, 10, 12, 13, 14, 15, 19, 25, 28, 29, 37, 38, 39, 40, 45, 48, 52, 63, 72, 75, 76, 79, 80, 87, 95], "summary": {"covered_lines": 27, "num_statements": 33, "percent_covered": 81.81818181818181, "percent_covered_display": "82", "missing_lines": 6, "excluded_lines": 0}, "missing_lines": [41, 42, 43, 96, 98, 99], "excluded_lines": [], "functions": {"lifespan": {"executed_lines": [37, 38, 39, 40, 45, 48], "summary": {"covered_lines": 6, "num_statements": 9, "percent_covered": 66.66666666666667, "percent_covered_display": "67", "missing_lines": 3, "excluded_lines": 0}, "missing_lines": [41, 42, 43], "excluded_lines": []}, "root": {"executed_lines": [87], "summary": {"covered_lines": 1, "num_statements": 1, "percent_covered": 100.0, "percent_covered_display": "100", "missing_lines": 0, "excluded_lines": 0}, "missing_lines": [], "excluded_lines": []}, "": {"executed_lines": [1, 7, 8, 9, 10, 12, 13, 14, 15, 19, 25, 28, 29, 52, 63, 72, 75, 76, 79, 80, 95], "summary": {"covered_lines": 20, "num_statements": 23, "percent_covered": 86.95652173913044, "percent_covered_display": "87", "missing_lines": 3, "excluded_lines": 0}, "missing_lines": [96, 98, 99], "excluded_lines": []}}, "classes": {"": {"executed_lines": [1, 7, 8, 9, 10, 12, 13, 14, 15, 19, 25, 28, 29, 37, 38, 39, 40, 45, 48, 52, 63, 72, 75, 76, 79, 80, 87, 95], "summary": {"covered_lines": 27, "num_statements": 33, "percent_covered": 81.81818181818181, "percent_covered_display": "82", "missing_lines": 6, "excluded_lines": 0}, "missing_lines": [41, 42, 43, 96, 98, 99], "excluded_lines": []}}}, "app\\models\\__init__.py": {"executed_lines": [1, 6, 8], "summary": {"covered_lines": 2, "num_statements": 2, "percent_covered": 100.0, "percent_covered_display": "100", "missing_lines": 0, "excluded_lines": 0}, "missing_lines": [], "excluded_lines": [], "functions": {"": {"executed_lines": [1, 6, 8], "summary": {"covered_lines": 2, "num_statements": 2, "percent_covered": 100.0, "percent_covered_display": "100", "missing_lines": 0, "excluded_lines": 0}, "missing_lines": [], "excluded_lines": []}}, "classes": {"": {"executed_lines": [1, 6, 8], "summary": {"covered_lines": 2, "num_statements": 2, "percent_covered": 100.0, "percent_covered_display": "100", "missing_lines": 0, "excluded_lines": 0}, "missing_lines": [], "excluded_lines": []}}}, "app\\models\\todo.py": {"executed_lines": [1, 6, 7, 8, 10, 13, 14, 25, 27, 28, 33, 38, 44, 50, 58, 62, 76, 77, 78], "summary": {"covered_lines": 17, "num_statements": 19, "percent_covered": 89.47368421052632, "percent_covered_display": "89", "missing_lines": 2, "excluded_lines": 0}, "missing_lines": [60, 64], "excluded_lines": [], "functions": {"Todo.__repr__": {"executed_lines": [], "summary": {"covered_lines": 0, "num_statements": 1, "percent_covered": 0.0, "percent_covered_display": "0", "missing_lines": 1, "excluded_lines": 0}, "missing_lines": [60], "excluded_lines": []}, "Todo.to_dict": {"executed_lines": [], "summary": {"covered_lines": 0, "num_statements": 1, "percent_covered": 0.0, "percent_covered_display": "0", "missing_lines": 1, "excluded_lines": 0}, "missing_lines": [64], "excluded_lines": []}, "": {"executed_lines": [1, 6, 7, 8, 10, 13, 14, 25, 27, 28, 33, 38, 44, 50, 58, 62, 76, 77, 78], "summary": {"covered_lines": 17, "num_statements": 17, "percent_covered": 100.0, "percent_covered_display": "100", "missing_lines": 0, "excluded_lines": 0}, "missing_lines": [], "excluded_lines": []}}, "classes": {"Todo": {"executed_lines": [], "summary": {"covered_lines": 0, "num_statements": 2, "percent_covered": 0.0, "percent_covered_display": "0", "missing_lines": 2, "excluded_lines": 0}, "missing_lines": [60, 64], "excluded_lines": []}, "": {"executed_lines": [1, 6, 7, 8, 10, 13, 14, 25, 27, 28, 33, 38, 44, 50, 58, 62, 76, 77, 78], "summary": {"covered_lines": 17, "num_statements": 17, "percent_covered": 100.0, "percent_covered_display": "100", "missing_lines": 0, "excluded_lines": 0}, "missing_lines": [], "excluded_lines": []}}}, "app\\repositories\\__init__.py": {"executed_lines": [1, 6, 8], "summary": {"covered_lines": 2, "num_statements": 2, "percent_covered": 100.0, "percent_covered_display": "100", "missing_lines": 0, "excluded_lines": 0}, "missing_lines": [], "excluded_lines": [], "functions": {"": {"executed_lines": [1, 6, 8], "summary": {"covered_lines": 2, "num_statements": 2, "percent_covered": 100.0, "percent_covered_display": "100", "missing_lines": 0, "excluded_lines": 0}, "missing_lines": [], "excluded_lines": []}}, "classes": {"": {"executed_lines": [1, 6, 8], "summary": {"covered_lines": 2, "num_statements": 2, "percent_covered": 100.0, "percent_covered_display": "100", "missing_lines": 0, "excluded_lines": 0}, "missing_lines": [], "excluded_lines": []}}}, "app\\repositories\\todo.py": {"executed_lines": [1, 7, 8, 9, 10, 12, 13, 15, 18, 19, 26, 33, 35, 48, 49, 54, 55, 56, 58, 59, 66, 76, 77, 78, 79, 81, 82, 88, 99, 100, 107, 108, 114, 128, 129, 130, 131, 132, 135, 136, 137, 139, 140, 142, 143, 150, 163, 164, 165, 166, 167, 169, 170, 172, 173, 180, 190, 191, 197, 198, 204, 211, 212, 213, 214, 220, 230, 231, 232, 233], "summary": {"covered_lines": 68, "num_statements": 95, "percent_covered": 71.57894736842105, "percent_covered_display": "72", "missing_lines": 27, "excluded_lines": 0}, "missing_lines": [61, 62, 63, 64, 84, 85, 86, 110, 111, 112, 145, 146, 147, 148, 175, 176, 177, 178, 200, 201, 202, 216, 217, 218, 235, 236, 237], "excluded_lines": [], "functions": {"TodoRepository.__init__": {"executed_lines": [33], "summary": {"covered_lines": 1, "num_statements": 1, "percent_covered": 100.0, "percent_covered_display": "100", "missing_lines": 0, "excluded_lines": 0}, "missing_lines": [], "excluded_lines": []}, "TodoRepository.create": {"executed_lines": [48, 49, 54, 55, 56, 58, 59], "summary": {"covered_lines": 7, "num_statements": 11, "percent_covered": 63.63636363636363, "percent_covered_display": "64", "missing_lines": 4, "excluded_lines": 0}, "missing_lines": [61, 62, 63, 64], "excluded_lines": []}, "TodoRepository.get_by_id": {"executed_lines": [76, 77, 78, 79, 81, 82], "summary": {"covered_lines": 6, "num_statements": 9, "percent_covered": 66.66666666666667, "percent_covered_display": "67", "missing_lines": 3, "excluded_lines": 0}, "missing_lines": [84, 85, 86], "excluded_lines": []}, "TodoRepository.get_all": {"executed_lines": [99, 100, 107, 108], "summary": {"covered_lines": 4, "num_statements": 7, "percent_covered": 57.142857142857146, "percent_covered_display": "57", "missing_lines": 3, "excluded_lines": 0}, "missing_lines": [110, 111, 112], "excluded_lines": []}, "TodoRepository.update": {"executed_lines": [128, 129, 130, 131, 132, 135, 136, 137, 139, 140, 142, 143], "summary": {"covered_lines": 12, "num_statements": 16, "percent_covered": 75.0, "percent_covered_display": "75", "missing_lines": 4, "excluded_lines": 0}, "missing_lines": [145, 146, 147, 148], "excluded_lines": []}, "TodoRepository.delete": {"executed_lines": [163, 164, 165, 166, 167, 169, 170, 172, 173], "summary": {"covered_lines": 9, "num_statements": 13, "percent_covered": 69.23076923076923, "percent_covered_display": "69", "missing_lines": 4, "excluded_lines": 0}, "missing_lines": [175, 176, 177, 178], "excluded_lines": []}, "TodoRepository.get_by_completion_status": {"executed_lines": [190, 191, 197, 198], "summary": {"covered_lines": 4, "num_statements": 7, "percent_covered": 57.142857142857146, "percent_covered_display": "57", "missing_lines": 3, "excluded_lines": 0}, "missing_lines": [200, 201, 202], "excluded_lines": []}, "TodoRepository.count_all": {"executed_lines": [211, 212, 213, 214], "summary": {"covered_lines": 4, "num_statements": 7, "percent_covered": 57.142857142857146, "percent_covered_display": "57", "missing_lines": 3, "excluded_lines": 0}, "missing_lines": [216, 217, 218], "excluded_lines": []}, "TodoRepository.count_by_completion_status": {"executed_lines": [230, 231, 232, 233], "summary": {"covered_lines": 4, "num_statements": 7, "percent_covered": 57.142857142857146, "percent_covered_display": "57", "missing_lines": 3, "excluded_lines": 0}, "missing_lines": [235, 236, 237], "excluded_lines": []}, "": {"executed_lines": [1, 7, 8, 9, 10, 12, 13, 15, 18, 19, 26, 35, 66, 88, 114, 150, 180, 204, 220], "summary": {"covered_lines": 17, "num_statements": 17, "percent_covered": 100.0, "percent_covered_display": "100", "missing_lines": 0, "excluded_lines": 0}, "missing_lines": [], "excluded_lines": []}}, "classes": {"TodoRepository": {"executed_lines": [33, 48, 49, 54, 55, 56, 58, 59, 76, 77, 78, 79, 81, 82, 99, 100, 107, 108, 128, 129, 130, 131, 132, 135, 136, 137, 139, 140, 142, 143, 163, 164, 165, 166, 167, 169, 170, 172, 173, 190, 191, 197, 198, 211, 212, 213, 214, 230, 231, 232, 233], "summary": {"covered_lines": 51, "num_statements": 78, "percent_covered": 65.38461538461539, "percent_covered_display": "65", "missing_lines": 27, "excluded_lines": 0}, "missing_lines": [61, 62, 63, 64, 84, 85, 86, 110, 111, 112, 145, 146, 147, 148, 175, 176, 177, 178, 200, 201, 202, 216, 217, 218, 235, 236, 237], "excluded_lines": []}, "": {"executed_lines": [1, 7, 8, 9, 10, 12, 13, 15, 18, 19, 26, 35, 66, 88, 114, 150, 180, 204, 220], "summary": {"covered_lines": 17, "num_statements": 17, "percent_covered": 100.0, "percent_covered_display": "100", "missing_lines": 0, "excluded_lines": 0}, "missing_lines": [], "excluded_lines": []}}}, "app\\routers\\__init__.py": {"executed_lines": [0], "summary": {"covered_lines": 0, "num_statements": 0, "percent_covered": 100.0, "percent_covered_display": "100", "missing_lines": 0, "excluded_lines": 0}, "missing_lines": [], "excluded_lines": [], "functions": {"": {"executed_lines": [], "summary": {"covered_lines": 0, "num_statements": 0, "percent_covered": 100.0, "percent_covered_display": "100", "missing_lines": 0, "excluded_lines": 0}, "missing_lines": [], "excluded_lines": []}}, "classes": {"": {"executed_lines": [], "summary": {"covered_lines": 0, "num_statements": 0, "percent_covered": 100.0, "percent_covered_display": "100", "missing_lines": 0, "excluded_lines": 0}, "missing_lines": [], "excluded_lines": []}}}, "app\\routers\\health.py": {"executed_lines": [1, 6, 7, 8, 9, 10, 12, 14, 16, 22, 23, 24, 25, 26, 29, 30, 40, 42, 43, 44, 46], "summary": {"covered_lines": 19, "num_statements": 22, "percent_covered": 86.36363636363636, "percent_covered_display": "86", "missing_lines": 3, "excluded_lines": 0}, "missing_lines": [52, 53, 54], "excluded_lines": [], "functions": {"health_check": {"executed_lines": [40, 42, 43, 44, 46], "summary": {"covered_lines": 5, "num_statements": 8, "percent_covered": 62.5, "percent_covered_display": "62", "missing_lines": 3, "excluded_lines": 0}, "missing_lines": [52, 53, 54], "excluded_lines": []}, "": {"executed_lines": [1, 6, 7, 8, 9, 10, 12, 14, 16, 22, 23, 24, 25, 26, 29, 30], "summary": {"covered_lines": 14, "num_statements": 14, "percent_covered": 100.0, "percent_covered_display": "100", "missing_lines": 0, "excluded_lines": 0}, "missing_lines": [], "excluded_lines": []}}, "classes": {"HealthResponse": {"executed_lines": [], "summary": {"covered_lines": 0, "num_statements": 0, "percent_covered": 100.0, "percent_covered_display": "100", "missing_lines": 0, "excluded_lines": 0}, "missing_lines": [], "excluded_lines": []}, "": {"executed_lines": [1, 6, 7, 8, 9, 10, 12, 14, 16, 22, 23, 24, 25, 26, 29, 30, 40, 42, 43, 44, 46], "summary": {"covered_lines": 19, "num_statements": 22, "percent_covered": 86.36363636363636, "percent_covered_display": "86", "missing_lines": 3, "excluded_lines": 0}, "missing_lines": [52, 53, 54], "excluded_lines": []}}}, "app\\routers\\todo.py": {"executed_lines": [1, 6, 7, 8, 9, 11, 12, 13, 20, 22, 28, 29, 46, 47, 48, 49, 50, 66, 67, 86, 87, 88, 89, 90, 106, 107, 124, 125, 126, 127, 128, 130, 131, 132, 136, 137, 138, 150, 151, 170, 171, 172, 173, 174, 176, 177, 178, 196, 197, 211, 212, 213, 214, 216, 217, 218, 222, 223, 224], "summary": {"covered_lines": 58, "num_statements": 82, "percent_covered": 70.73170731707317, "percent_covered_display": "71", "missing_lines": 24, "excluded_lines": 0}, "missing_lines": [52, 53, 54, 58, 59, 60, 92, 93, 94, 98, 99, 100, 142, 143, 144, 182, 183, 184, 188, 189, 190, 228, 229, 230], "excluded_lines": [], "functions": {"create_todo": {"executed_lines": [46, 47, 48, 49, 50], "summary": {"covered_lines": 5, "num_statements": 11, "percent_covered": 45.45454545454545, "percent_covered_display": "45", "missing_lines": 6, "excluded_lines": 0}, "missing_lines": [52, 53, 54, 58, 59, 60], "excluded_lines": []}, "get_todos": {"executed_lines": [86, 87, 88, 89, 90], "summary": {"covered_lines": 5, "num_statements": 11, "percent_covered": 45.45454545454545, "percent_covered_display": "45", "missing_lines": 6, "excluded_lines": 0}, "missing_lines": [92, 93, 94, 98, 99, 100], "excluded_lines": []}, "get_todo": {"executed_lines": [124, 125, 126, 127, 128, 130, 131, 132, 136, 137, 138], "summary": {"covered_lines": 11, "num_statements": 14, "percent_covered": 78.57142857142857, "percent_covered_display": "79", "missing_lines": 3, "excluded_lines": 0}, "missing_lines": [142, 143, 144], "excluded_lines": []}, "update_todo": {"executed_lines": [170, 171, 172, 173, 174, 176, 177, 178], "summary": {"covered_lines": 8, "num_statements": 14, "percent_covered": 57.142857142857146, "percent_covered_display": "57", "missing_lines": 6, "excluded_lines": 0}, "missing_lines": [182, 183, 184, 188, 189, 190], "excluded_lines": []}, "delete_todo": {"executed_lines": [211, 212, 213, 214, 216, 217, 218, 222, 223, 224], "summary": {"covered_lines": 10, "num_statements": 13, "percent_covered": 76.92307692307692, "percent_covered_display": "77", "missing_lines": 3, "excluded_lines": 0}, "missing_lines": [228, 229, 230], "excluded_lines": []}, "": {"executed_lines": [1, 6, 7, 8, 9, 11, 12, 13, 20, 22, 28, 29, 66, 67, 106, 107, 150, 151, 196, 197], "summary": {"covered_lines": 19, "num_statements": 19, "percent_covered": 100.0, "percent_covered_display": "100", "missing_lines": 0, "excluded_lines": 0}, "missing_lines": [], "excluded_lines": []}}, "classes": {"": {"executed_lines": [1, 6, 7, 8, 9, 11, 12, 13, 20, 22, 28, 29, 46, 47, 48, 49, 50, 66, 67, 86, 87, 88, 89, 90, 106, 107, 124, 125, 126, 127, 128, 130, 131, 132, 136, 137, 138, 150, 151, 170, 171, 172, 173, 174, 176, 177, 178, 196, 197, 211, 212, 213, 214, 216, 217, 218, 222, 223, 224], "summary": {"covered_lines": 58, "num_statements": 82, "percent_covered": 70.73170731707317, "percent_covered_display": "71", "missing_lines": 24, "excluded_lines": 0}, "missing_lines": [52, 53, 54, 58, 59, 60, 92, 93, 94, 98, 99, 100, 142, 143, 144, 182, 183, 184, 188, 189, 190, 228, 229, 230], "excluded_lines": []}}}, "app\\schemas\\__init__.py": {"executed_lines": [2, 4], "summary": {"covered_lines": 2, "num_statements": 2, "percent_covered": 100.0, "percent_covered_display": "100", "missing_lines": 0, "excluded_lines": 0}, "missing_lines": [], "excluded_lines": [], "functions": {"": {"executed_lines": [2, 4], "summary": {"covered_lines": 2, "num_statements": 2, "percent_covered": 100.0, "percent_covered_display": "100", "missing_lines": 0, "excluded_lines": 0}, "missing_lines": [], "excluded_lines": []}}, "classes": {"": {"executed_lines": [2, 4], "summary": {"covered_lines": 2, "num_statements": 2, "percent_covered": 100.0, "percent_covered_display": "100", "missing_lines": 0, "excluded_lines": 0}, "missing_lines": [], "excluded_lines": []}}}, "app\\schemas\\todo.py": {"executed_lines": [1, 2, 3, 6, 7, 8, 9, 10, 13, 14, 15, 18, 19, 20, 21, 22, 25, 26, 27, 28, 29, 31, 32], "summary": {"covered_lines": 19, "num_statements": 19, "percent_covered": 100.0, "percent_covered_display": "100", "missing_lines": 0, "excluded_lines": 0}, "missing_lines": [], "excluded_lines": [], "functions": {"": {"executed_lines": [1, 2, 3, 6, 7, 8, 9, 10, 13, 14, 15, 18, 19, 20, 21, 22, 25, 26, 27, 28, 29, 31, 32], "summary": {"covered_lines": 19, "num_statements": 19, "percent_covered": 100.0, "percent_covered_display": "100", "missing_lines": 0, "excluded_lines": 0}, "missing_lines": [], "excluded_lines": []}}, "classes": {"TodoBase": {"executed_lines": [], "summary": {"covered_lines": 0, "num_statements": 0, "percent_covered": 100.0, "percent_covered_display": "100", "missing_lines": 0, "excluded_lines": 0}, "missing_lines": [], "excluded_lines": []}, "TodoCreate": {"executed_lines": [], "summary": {"covered_lines": 0, "num_statements": 0, "percent_covered": 100.0, "percent_covered_display": "100", "missing_lines": 0, "excluded_lines": 0}, "missing_lines": [], "excluded_lines": []}, "TodoUpdate": {"executed_lines": [], "summary": {"covered_lines": 0, "num_statements": 0, "percent_covered": 100.0, "percent_covered_display": "100", "missing_lines": 0, "excluded_lines": 0}, "missing_lines": [], "excluded_lines": []}, "TodoResponse": {"executed_lines": [], "summary": {"covered_lines": 0, "num_statements": 0, "percent_covered": 100.0, "percent_covered_display": "100", "missing_lines": 0, "excluded_lines": 0}, "missing_lines": [], "excluded_lines": []}, "TodoResponse.Config": {"executed_lines": [], "summary": {"covered_lines": 0, "num_statements": 0, "percent_covered": 100.0, "percent_covered_display": "100", "missing_lines": 0, "excluded_lines": 0}, "missing_lines": [], "excluded_lines": []}, "": {"executed_lines": [1, 2, 3, 6, 7, 8, 9, 10, 13, 14, 15, 18, 19, 20, 21, 22, 25, 26, 27, 28, 29, 31, 32], "summary": {"covered_lines": 19, "num_statements": 19, "percent_covered": 100.0, "percent_covered_display": "100", "missing_lines": 0, "excluded_lines": 0}, "missing_lines": [], "excluded_lines": []}}}, "app\\services\\__init__.py": {"executed_lines": [3, 5], "summary": {"covered_lines": 2, "num_statements": 2, "percent_covered": 100.0, "percent_covered_display": "100", "missing_lines": 0, "excluded_lines": 0}, "missing_lines": [], "excluded_lines": [], "functions": {"": {"executed_lines": [3, 5], "summary": {"covered_lines": 2, "num_statements": 2, "percent_covered": 100.0, "percent_covered_display": "100", "missing_lines": 0, "excluded_lines": 0}, "missing_lines": [], "excluded_lines": []}}, "classes": {"": {"executed_lines": [3, 5], "summary": {"covered_lines": 2, "num_statements": 2, "percent_covered": 100.0, "percent_covered_display": "100", "missing_lines": 0, "excluded_lines": 0}, "missing_lines": [], "excluded_lines": []}}}, "app\\services\\todo.py": {"executed_lines": [1, 7, 8, 9, 10, 12, 13, 14, 16, 19, 20, 21, 22, 23, 26, 27, 28, 29, 30, 33, 34, 35, 36, 37, 38, 41, 42, 49, 56, 58, 72, 74, 77, 79, 80, 82, 83, 84, 85, 86, 91, 105, 107, 109, 110, 111, 112, 114, 115, 117, 118, 119, 120, 121, 126, 141, 143, 145, 147, 148, 150, 151, 159, 175, 177, 180, 183, 184, 185, 186, 189, 191, 192, 194, 195, 203, 218, 220, 223, 224, 225, 226, 229, 231, 232, 234, 236, 237, 238, 239, 247, 260, 261, 263, 264, 273, 283, 284, 285, 286, 288, 295, 296, 305, 315, 316, 318, 321, 324, 335, 336, 337, 339, 340, 343, 346, 349, 359, 360, 362, 373, 374, 376, 377, 379, 380], "summary": {"covered_lines": 121, "num_statements": 162, "percent_covered": 74.69135802469135, "percent_covered_display": "75", "missing_lines": 41, "excluded_lines": 0}, "missing_lines": [87, 88, 89, 122, 123, 124, 152, 153, 154, 155, 156, 157, 196, 197, 198, 199, 200, 201, 240, 241, 242, 243, 244, 245, 266, 267, 268, 269, 270, 271, 298, 299, 300, 301, 302, 303, 319, 322, 341, 344, 347], "excluded_lines": [], "functions": {"TodoNotFoundError.__init__": {"executed_lines": [22, 23], "summary": {"covered_lines": 2, "num_statements": 2, "percent_covered": 100.0, "percent_covered_display": "100", "missing_lines": 0, "excluded_lines": 0}, "missing_lines": [], "excluded_lines": []}, "TodoValidationError.__init__": {"executed_lines": [29, 30], "summary": {"covered_lines": 2, "num_statements": 2, "percent_covered": 100.0, "percent_covered_display": "100", "missing_lines": 0, "excluded_lines": 0}, "missing_lines": [], "excluded_lines": []}, "TodoDatabaseError.__init__": {"executed_lines": [36, 37, 38], "summary": {"covered_lines": 3, "num_statements": 3, "percent_covered": 100.0, "percent_covered_display": "100", "missing_lines": 0, "excluded_lines": 0}, "missing_lines": [], "excluded_lines": []}, "TodoService.__init__": {"executed_lines": [56], "summary": {"covered_lines": 1, "num_statements": 1, "percent_covered": 100.0, "percent_covered_display": "100", "missing_lines": 0, "excluded_lines": 0}, "missing_lines": [], "excluded_lines": []}, "TodoService.create_todo": {"executed_lines": [72, 74, 77, 79, 80, 82, 83, 84, 85, 86], "summary": {"covered_lines": 10, "num_statements": 13, "percent_covered": 76.92307692307692, "percent_covered_display": "77", "missing_lines": 3, "excluded_lines": 0}, "missing_lines": [87, 88, 89], "excluded_lines": []}, "TodoService.get_todo_by_id": {"executed_lines": [105, 107, 109, 110, 111, 112, 114, 115, 117, 118, 119, 120, 121], "summary": {"covered_lines": 13, "num_statements": 16, "percent_covered": 81.25, "percent_covered_display": "81", "missing_lines": 3, "excluded_lines": 0}, "missing_lines": [122, 123, 124], "excluded_lines": []}, "TodoService.get_all_todos": {"executed_lines": [141, 143, 145, 147, 148, 150, 151], "summary": {"covered_lines": 7, "num_statements": 13, "percent_covered": 53.84615384615385, "percent_covered_display": "54", "missing_lines": 6, "excluded_lines": 0}, "missing_lines": [152, 153, 154, 155, 156, 157], "excluded_lines": []}, "TodoService.update_todo": {"executed_lines": [175, 177, 180, 183, 184, 185, 186, 189, 191, 192, 194, 195], "summary": {"covered_lines": 12, "num_statements": 18, "percent_covered": 66.66666666666667, "percent_covered_display": "67", "missing_lines": 6, "excluded_lines": 0}, "missing_lines": [196, 197, 198, 199, 200, 201], "excluded_lines": []}, "TodoService.delete_todo": {"executed_lines": [218, 220, 223, 224, 225, 226, 229, 231, 232, 234, 236, 237, 238, 239], "summary": {"covered_lines": 14, "num_statements": 20, "percent_covered": 70.0, "percent_covered_display": "70", "missing_lines": 6, "excluded_lines": 0}, "missing_lines": [240, 241, 242, 243, 244, 245], "excluded_lines": []}, "TodoService.get_todos_by_status": {"executed_lines": [260, 261, 263, 264], "summary": {"covered_lines": 4, "num_statements": 10, "percent_covered": 40.0, "percent_covered_display": "40", "missing_lines": 6, "excluded_lines": 0}, "missing_lines": [266, 267, 268, 269, 270, 271], "excluded_lines": []}, "TodoService.get_todo_statistics": {"executed_lines": [283, 284, 285, 286, 288, 295, 296], "summary": {"covered_lines": 7, "num_statements": 13, "percent_covered": 53.84615384615385, "percent_covered_display": "54", "missing_lines": 6, "excluded_lines": 0}, "missing_lines": [298, 299, 300, 301, 302, 303], "excluded_lines": []}, "TodoService._validate_todo_create": {"executed_lines": [315, 316, 318, 321], "summary": {"covered_lines": 4, "num_statements": 6, "percent_covered": 66.66666666666667, "percent_covered_display": "67", "missing_lines": 2, "excluded_lines": 0}, "missing_lines": [319, 322], "excluded_lines": []}, "TodoService._validate_todo_update": {"executed_lines": [335, 336, 337, 339, 340, 343, 346], "summary": {"covered_lines": 7, "num_statements": 10, "percent_covered": 70.0, "percent_covered_display": "70", "missing_lines": 3, "excluded_lines": 0}, "missing_lines": [341, 344, 347], "excluded_lines": []}, "TodoService._validate_todo_id": {"executed_lines": [359, 360], "summary": {"covered_lines": 2, "num_statements": 2, "percent_covered": 100.0, "percent_covered_display": "100", "missing_lines": 0, "excluded_lines": 0}, "missing_lines": [], "excluded_lines": []}, "TodoService._validate_pagination_params": {"executed_lines": [373, 374, 376, 377, 379, 380], "summary": {"covered_lines": 6, "num_statements": 6, "percent_covered": 100.0, "percent_covered_display": "100", "missing_lines": 0, "excluded_lines": 0}, "missing_lines": [], "excluded_lines": []}, "": {"executed_lines": [1, 7, 8, 9, 10, 12, 13, 14, 16, 19, 20, 21, 26, 27, 28, 33, 34, 35, 41, 42, 49, 58, 91, 126, 159, 203, 247, 273, 305, 324, 349, 362], "summary": {"covered_lines": 27, "num_statements": 27, "percent_covered": 100.0, "percent_covered_display": "100", "missing_lines": 0, "excluded_lines": 0}, "missing_lines": [], "excluded_lines": []}}, "classes": {"TodoNotFoundError": {"executed_lines": [22, 23], "summary": {"covered_lines": 2, "num_statements": 2, "percent_covered": 100.0, "percent_covered_display": "100", "missing_lines": 0, "excluded_lines": 0}, "missing_lines": [], "excluded_lines": []}, "TodoValidationError": {"executed_lines": [29, 30], "summary": {"covered_lines": 2, "num_statements": 2, "percent_covered": 100.0, "percent_covered_display": "100", "missing_lines": 0, "excluded_lines": 0}, "missing_lines": [], "excluded_lines": []}, "TodoDatabaseError": {"executed_lines": [36, 37, 38], "summary": {"covered_lines": 3, "num_statements": 3, "percent_covered": 100.0, "percent_covered_display": "100", "missing_lines": 0, "excluded_lines": 0}, "missing_lines": [], "excluded_lines": []}, "TodoService": {"executed_lines": [56, 72, 74, 77, 79, 80, 82, 83, 84, 85, 86, 105, 107, 109, 110, 111, 112, 114, 115, 117, 118, 119, 120, 121, 141, 143, 145, 147, 148, 150, 151, 175, 177, 180, 183, 184, 185, 186, 189, 191, 192, 194, 195, 218, 220, 223, 224, 225, 226, 229, 231, 232, 234, 236, 237, 238, 239, 260, 261, 263, 264, 283, 284, 285, 286, 288, 295, 296, 315, 316, 318, 321, 335, 336, 337, 339, 340, 343, 346, 359, 360, 373, 374, 376, 377, 379, 380], "summary": {"covered_lines": 87, "num_statements": 128, "percent_covered": 67.96875, "percent_covered_display": "68", "missing_lines": 41, "excluded_lines": 0}, "missing_lines": [87, 88, 89, 122, 123, 124, 152, 153, 154, 155, 156, 157, 196, 197, 198, 199, 200, 201, 240, 241, 242, 243, 244, 245, 266, 267, 268, 269, 270, 271, 298, 299, 300, 301, 302, 303, 319, 322, 341, 344, 347], "excluded_lines": []}, "": {"executed_lines": [1, 7, 8, 9, 10, 12, 13, 14, 16, 19, 20, 21, 26, 27, 28, 33, 34, 35, 41, 42, 49, 58, 91, 126, 159, 203, 247, 273, 305, 324, 349, 362], "summary": {"covered_lines": 27, "num_statements": 27, "percent_covered": 100.0, "percent_covered_display": "100", "missing_lines": 0, "excluded_lines": 0}, "missing_lines": [], "excluded_lines": []}}}}, "totals": {"covered_lines": 442, "num_statements": 576, "percent_covered": 76.73611111111111, "percent_covered_display": "77", "missing_lines": 134, "excluded_lines": 0}}